<?xml version="1.0" encoding="UTF-8"?>
<!-- Generated by org.testng.reporters.JUnitReportReporter -->
<testsuite hostname="NODE153" name="com.project2.selenium.ClassB" tests="4" failures="0" timestamp="19 Oct 2016 04:14:53 GMT" time="0.027" errors="0">
  <testcase name="m1CB" time="0.009" classname="com.project2.selenium.ClassB"/>
  <testcase name="m2CB" time="0.010" classname="com.project2.selenium.ClassB"/>
  <testcase name="m2CB" time="0.003" classname="com.project2.selenium.ClassB"/>
  <testcase name="m1CB" time="0.005" classname="com.project2.selenium.ClassB"/>
</testsuite> <!-- com.project2.selenium.ClassB -->
