<?xml version="1.0" encoding="UTF-8"?>
<!-- Generated by org.testng.reporters.JUnitReportReporter -->
<testsuite hostname="NODE153" name="com.project2.selenium.ClassC" tests="4" failures="0" timestamp="17 Oct 2016 05:07:44 GMT" time="0.007" errors="0">
  <testcase name="m2CB" time="0.002" classname="com.project2.selenium.ClassC"/>
  <testcase name="m1CB" time="0.002" classname="com.project2.selenium.ClassC"/>
  <testcase name="m1CB" time="0.001" classname="com.project2.selenium.ClassC"/>
  <testcase name="m2CB" time="0.002" classname="com.project2.selenium.ClassC"/>
</testsuite> <!-- com.project2.selenium.ClassC -->
