<?xml version="1.0" encoding="UTF-8"?>
<!-- Generated by org.testng.reporters.JUnitReportReporter -->
<testsuite hostname="NODE153" name="com.package1.selenium.ClassA" tests="2" failures="0" timestamp="19 Oct 2016 04:14:53 GMT" time="0.008" errors="0">
  <testcase name="m2CA" time="0.004" classname="com.package1.selenium.ClassA"/>
  <testcase name="m1CA" time="0.004" classname="com.package1.selenium.ClassA"/>
</testsuite> <!-- com.package1.selenium.ClassA -->
