<?xml version="1.0" encoding="UTF-8"?>
<!-- Generated by org.testng.reporters.JUnitReportReporter -->
<testsuite hostname="NODE153" name="com.selenium.project.tests.IrctcLoginTest" tests="1" failures="0" timestamp="20 Oct 2016 08:10:00 GMT" time="46.257" errors="0">
  <testcase name="test" time="46.257" classname="com.selenium.project.tests.IrctcLoginTest"/>
</testsuite> <!-- com.selenium.project.tests.IrctcLoginTest -->
